2025-08-09 12:14:24,509 - INFO - test.py:204 - Starting application.
2025-08-09 12:14:26,455 - INFO - test.py:225 - Asyncio event loop started.
2025-08-09 12:16:14,598 - INFO - _client.py:1740 - HTTP Request: POST https://api.telegram.org/bot7201167359:AAFCZAeeVCviDkvyyjs7sLu-uKrNxlvgCqU/sendDocument "HTTP/1.1 200 OK"
2025-08-09 12:16:48,238 - INFO - test.py:247 - Application exited.
2025-08-09 12:18:07,382 - INFO - test.py:204 - Starting application.
2025-08-09 12:18:09,395 - INFO - test.py:225 - Asyncio event loop started.
2025-08-09 12:18:33,138 - INFO - _client.py:1740 - HTTP Request: POST https://api.telegram.org/bot7201167359:AAFCZAeeVCviDkvyyjs7sLu-uKrNxlvgCqU/sendDocument "HTTP/1.1 200 OK"
2025-08-09 12:19:30,146 - INFO - _client.py:1740 - HTTP Request: POST https://api.telegram.org/bot7201167359:AAFCZAeeVCviDkvyyjs7sLu-uKrNxlvgCqU/sendMessage "HTTP/1.1 200 OK"
2025-08-09 12:22:34,116 - INFO - _client.py:1740 - HTTP Request: POST https://api.telegram.org/bot7201167359:AAFCZAeeVCviDkvyyjs7sLu-uKrNxlvgCqU/sendMessage "HTTP/1.1 200 OK"
2025-08-09 12:23:20,447 - INFO - _client.py:1740 - HTTP Request: POST https://api.telegram.org/bot7201167359:AAFCZAeeVCviDkvyyjs7sLu-uKrNxlvgCqU/sendMessage "HTTP/1.1 200 OK"
2025-08-09 12:23:39,320 - INFO - _client.py:1740 - HTTP Request: POST https://api.telegram.org/bot7201167359:AAFCZAeeVCviDkvyyjs7sLu-uKrNxlvgCqU/sendMessage "HTTP/1.1 200 OK"
2025-08-09 12:25:00,957 - INFO - _client.py:1740 - HTTP Request: POST https://api.telegram.org/bot7201167359:AAFCZAeeVCviDkvyyjs7sLu-uKrNxlvgCqU/sendMessage "HTTP/1.1 200 OK"
2025-08-09 12:25:26,138 - INFO - _client.py:1740 - HTTP Request: POST https://api.telegram.org/bot7201167359:AAFCZAeeVCviDkvyyjs7sLu-uKrNxlvgCqU/sendMessage "HTTP/1.1 200 OK"
2025-08-09 12:26:08,539 - INFO - _client.py:1740 - HTTP Request: POST https://api.telegram.org/bot7201167359:AAFCZAeeVCviDkvyyjs7sLu-uKrNxlvgCqU/sendMessage "HTTP/1.1 200 OK"
2025-08-09 12:26:46,880 - INFO - _client.py:1740 - HTTP Request: POST https://api.telegram.org/bot7201167359:AAFCZAeeVCviDkvyyjs7sLu-uKrNxlvgCqU/sendMessage "HTTP/1.1 200 OK"
2025-08-09 12:28:15,170 - INFO - _client.py:1740 - HTTP Request: POST https://api.telegram.org/bot7201167359:AAFCZAeeVCviDkvyyjs7sLu-uKrNxlvgCqU/sendMessage "HTTP/1.1 200 OK"
2025-08-09 12:28:45,305 - INFO - _client.py:1740 - HTTP Request: POST https://api.telegram.org/bot7201167359:AAFCZAeeVCviDkvyyjs7sLu-uKrNxlvgCqU/sendMessage "HTTP/1.1 200 OK"
2025-08-09 12:29:06,849 - INFO - _client.py:1740 - HTTP Request: POST https://api.telegram.org/bot7201167359:AAFCZAeeVCviDkvyyjs7sLu-uKrNxlvgCqU/sendMessage "HTTP/1.1 200 OK"
2025-08-09 12:29:42,361 - INFO - _client.py:1740 - HTTP Request: POST https://api.telegram.org/bot7201167359:AAFCZAeeVCviDkvyyjs7sLu-uKrNxlvgCqU/sendMessage "HTTP/1.1 200 OK"
2025-08-09 12:29:59,988 - INFO - _client.py:1740 - HTTP Request: POST https://api.telegram.org/bot7201167359:AAFCZAeeVCviDkvyyjs7sLu-uKrNxlvgCqU/sendMessage "HTTP/1.1 200 OK"
2025-08-09 12:30:26,183 - INFO - _client.py:1740 - HTTP Request: POST https://api.telegram.org/bot7201167359:AAFCZAeeVCviDkvyyjs7sLu-uKrNxlvgCqU/sendMessage "HTTP/1.1 200 OK"
2025-08-09 12:30:59,926 - INFO - _client.py:1740 - HTTP Request: POST https://api.telegram.org/bot7201167359:AAFCZAeeVCviDkvyyjs7sLu-uKrNxlvgCqU/sendMessage "HTTP/1.1 200 OK"
2025-08-09 12:31:39,232 - INFO - _client.py:1740 - HTTP Request: POST https://api.telegram.org/bot7201167359:AAFCZAeeVCviDkvyyjs7sLu-uKrNxlvgCqU/sendMessage "HTTP/1.1 200 OK"
2025-08-09 12:32:34,936 - INFO - _client.py:1740 - HTTP Request: POST https://api.telegram.org/bot7201167359:AAFCZAeeVCviDkvyyjs7sLu-uKrNxlvgCqU/sendMessage "HTTP/1.1 200 OK"
2025-08-09 12:33:24,113 - INFO - _client.py:1740 - HTTP Request: POST https://api.telegram.org/bot7201167359:AAFCZAeeVCviDkvyyjs7sLu-uKrNxlvgCqU/sendMessage "HTTP/1.1 200 OK"
2025-08-09 12:33:42,837 - INFO - _client.py:1740 - HTTP Request: POST https://api.telegram.org/bot7201167359:AAFCZAeeVCviDkvyyjs7sLu-uKrNxlvgCqU/sendMessage "HTTP/1.1 200 OK"
2025-08-09 12:34:13,079 - INFO - _client.py:1740 - HTTP Request: POST https://api.telegram.org/bot7201167359:AAFCZAeeVCviDkvyyjs7sLu-uKrNxlvgCqU/sendMessage "HTTP/1.1 200 OK"
2025-08-09 12:34:59,126 - INFO - _client.py:1740 - HTTP Request: POST https://api.telegram.org/bot7201167359:AAFCZAeeVCviDkvyyjs7sLu-uKrNxlvgCqU/sendMessage "HTTP/1.1 200 OK"
2025-08-09 12:37:58,288 - INFO - _client.py:1740 - HTTP Request: POST https://api.telegram.org/bot7201167359:AAFCZAeeVCviDkvyyjs7sLu-uKrNxlvgCqU/sendDocument "HTTP/1.1 200 OK"
2025-08-09 12:52:04,975 - INFO - _client.py:1740 - HTTP Request: POST https://api.telegram.org/bot7201167359:AAFCZAeeVCviDkvyyjs7sLu-uKrNxlvgCqU/sendDocument "HTTP/1.1 200 OK"
2025-08-09 13:01:04,863 - INFO - _client.py:1740 - HTTP Request: POST https://api.telegram.org/bot7201167359:AAFCZAeeVCviDkvyyjs7sLu-uKrNxlvgCqU/sendMessage "HTTP/1.1 200 OK"
2025-08-09 13:03:30,245 - INFO - _client.py:1740 - HTTP Request: POST https://api.telegram.org/bot7201167359:AAFCZAeeVCviDkvyyjs7sLu-uKrNxlvgCqU/sendDocument "HTTP/1.1 200 OK"
2025-08-11 18:03:24,541 - INFO - test.py:204 - Starting application.
2025-08-11 18:03:31,084 - INFO - test.py:225 - Asyncio event loop started.
2025-08-11 18:07:14,464 - INFO - test.py:247 - Application exited.
2025-08-11 18:07:17,177 - INFO - test.py:240 - Starting application.
2025-08-11 18:07:18,462 - INFO - test.py:263 - Asyncio event loop started.
2025-08-11 18:07:27,017 - ERROR - test.py:126 - Error sending code as file.
Traceback (most recent call last):
  File "C:\Users\Lenovo\AppData\Local\Programs\Python\Python313\Lib\site-packages\httpx\_transports\default.py", line 101, in map_httpcore_exceptions
    yield
  File "C:\Users\Lenovo\AppData\Local\Programs\Python\Python313\Lib\site-packages\httpx\_transports\default.py", line 394, in handle_async_request
    resp = await self._pool.handle_async_request(req)
           ^^^^^^^^^^^^^^^^^^^^^^^^^^^^^^^^^^^^^^^^^^
  File "C:\Users\Lenovo\AppData\Local\Programs\Python\Python313\Lib\site-packages\httpcore\_async\connection_pool.py", line 256, in handle_async_request
    raise exc from None
  File "C:\Users\Lenovo\AppData\Local\Programs\Python\Python313\Lib\site-packages\httpcore\_async\connection_pool.py", line 232, in handle_async_request
    connection = await pool_request.wait_for_connection(timeout=timeout)
                 ^^^^^^^^^^^^^^^^^^^^^^^^^^^^^^^^^^^^^^^^^^^^^^^^^^^^^^^
  File "C:\Users\Lenovo\AppData\Local\Programs\Python\Python313\Lib\site-packages\httpcore\_async\connection_pool.py", line 35, in wait_for_connection
    await self._connection_acquired.wait(timeout=timeout)
  File "C:\Users\Lenovo\AppData\Local\Programs\Python\Python313\Lib\site-packages\httpcore\_synchronization.py", line 149, in wait
    with map_exceptions(anyio_exc_map):
         ~~~~~~~~~~~~~~^^^^^^^^^^^^^^^
  File "C:\Users\Lenovo\AppData\Local\Programs\Python\Python313\Lib\contextlib.py", line 162, in __exit__
    self.gen.throw(value)
    ~~~~~~~~~~~~~~^^^^^^^
  File "C:\Users\Lenovo\AppData\Local\Programs\Python\Python313\Lib\site-packages\httpcore\_exceptions.py", line 14, in map_exceptions
    raise to_exc(exc) from exc
httpcore.PoolTimeout

The above exception was the direct cause of the following exception:

Traceback (most recent call last):
  File "C:\Users\Lenovo\AppData\Local\Programs\Python\Python313\Lib\site-packages\telegram\request\_httpxrequest.py", line 273, in do_request
    res = await self._client.request(
          ^^^^^^^^^^^^^^^^^^^^^^^^^^^
    ...<6 lines>...
    )
    ^
  File "C:\Users\Lenovo\AppData\Local\Programs\Python\Python313\Lib\site-packages\httpx\_client.py", line 1540, in request
    return await self.send(request, auth=auth, follow_redirects=follow_redirects)
           ^^^^^^^^^^^^^^^^^^^^^^^^^^^^^^^^^^^^^^^^^^^^^^^^^^^^^^^^^^^^^^^^^^^^^^
  File "C:\Users\Lenovo\AppData\Local\Programs\Python\Python313\Lib\site-packages\httpx\_client.py", line 1629, in send
    response = await self._send_handling_auth(
               ^^^^^^^^^^^^^^^^^^^^^^^^^^^^^^^
    ...<4 lines>...
    )
    ^
  File "C:\Users\Lenovo\AppData\Local\Programs\Python\Python313\Lib\site-packages\httpx\_client.py", line 1657, in _send_handling_auth
    response = await self._send_handling_redirects(
               ^^^^^^^^^^^^^^^^^^^^^^^^^^^^^^^^^^^^
    ...<3 lines>...
    )
    ^
  File "C:\Users\Lenovo\AppData\Local\Programs\Python\Python313\Lib\site-packages\httpx\_client.py", line 1694, in _send_handling_redirects
    response = await self._send_single_request(request)
               ^^^^^^^^^^^^^^^^^^^^^^^^^^^^^^^^^^^^^^^^
  File "C:\Users\Lenovo\AppData\Local\Programs\Python\Python313\Lib\site-packages\httpx\_client.py", line 1730, in _send_single_request
    response = await transport.handle_async_request(request)
               ^^^^^^^^^^^^^^^^^^^^^^^^^^^^^^^^^^^^^^^^^^^^^
  File "C:\Users\Lenovo\AppData\Local\Programs\Python\Python313\Lib\site-packages\httpx\_transports\default.py", line 393, in handle_async_request
    with map_httpcore_exceptions():
         ~~~~~~~~~~~~~~~~~~~~~~~^^
  File "C:\Users\Lenovo\AppData\Local\Programs\Python\Python313\Lib\contextlib.py", line 162, in __exit__
    self.gen.throw(value)
    ~~~~~~~~~~~~~~^^^^^^^
  File "C:\Users\Lenovo\AppData\Local\Programs\Python\Python313\Lib\site-packages\httpx\_transports\default.py", line 118, in map_httpcore_exceptions
    raise mapped_exc(message) from exc
httpx.PoolTimeout

The above exception was the direct cause of the following exception:

Traceback (most recent call last):
  File "C:\Users\Lenovo\Desktop\screenshot_answerer\test.py", line 124, in send_code_as_file_async
    await telegram_bot.send_document(chat_id=int(SELECTED_CHAT_ID), document=file_to_send, filename="solution.txt", caption=escaped_caption, parse_mode=telegram.constants.ParseMode.MARKDOWN_V2)
  File "C:\Users\Lenovo\AppData\Local\Programs\Python\Python313\Lib\site-packages\telegram\_bot.py", line 1804, in send_document
    return await self._send_message(
           ^^^^^^^^^^^^^^^^^^^^^^^^^
    ...<20 lines>...
    )
    ^
  File "C:\Users\Lenovo\AppData\Local\Programs\Python\Python313\Lib\site-packages\telegram\_bot.py", line 809, in _send_message
    result = await self._post(
             ^^^^^^^^^^^^^^^^^
    ...<7 lines>...
    )
    ^
  File "C:\Users\Lenovo\AppData\Local\Programs\Python\Python313\Lib\site-packages\telegram\_bot.py", line 697, in _post
    return await self._do_post(
           ^^^^^^^^^^^^^^^^^^^^
    ...<6 lines>...
    )
    ^
  File "C:\Users\Lenovo\AppData\Local\Programs\Python\Python313\Lib\site-packages\telegram\_bot.py", line 726, in _do_post
    result = await request.post(
             ^^^^^^^^^^^^^^^^^^^
    ...<6 lines>...
    )
    ^
  File "C:\Users\Lenovo\AppData\Local\Programs\Python\Python313\Lib\site-packages\telegram\request\_baserequest.py", line 197, in post
    result = await self._request_wrapper(
             ^^^^^^^^^^^^^^^^^^^^^^^^^^^^
    ...<7 lines>...
    )
    ^
  File "C:\Users\Lenovo\AppData\Local\Programs\Python\Python313\Lib\site-packages\telegram\request\_baserequest.py", line 304, in _request_wrapper
    code, payload = await self.do_request(
                    ^^^^^^^^^^^^^^^^^^^^^^
    ...<7 lines>...
    )
    ^
  File "C:\Users\Lenovo\AppData\Local\Programs\Python\Python313\Lib\site-packages\telegram\request\_httpxrequest.py", line 283, in do_request
    raise TimedOut(
    ...<5 lines>...
    ) from err
telegram.error.TimedOut: Pool timeout: All connections in the connection pool are occupied. Request was *not* sent to Telegram. Consider adjusting the connection pool size or the pool timeout.
2025-08-11 18:07:28,099 - ERROR - test.py:110 - Failed to send Telegram message: Pool timeout: All connections in the connection pool are occupied. Request was *not* sent to Telegram. Consider adjusting the connection pool size or the pool timeout.
Traceback (most recent call last):
  File "C:\Users\Lenovo\AppData\Local\Programs\Python\Python313\Lib\site-packages\httpx\_transports\default.py", line 101, in map_httpcore_exceptions
    yield
  File "C:\Users\Lenovo\AppData\Local\Programs\Python\Python313\Lib\site-packages\httpx\_transports\default.py", line 394, in handle_async_request
    resp = await self._pool.handle_async_request(req)
           ^^^^^^^^^^^^^^^^^^^^^^^^^^^^^^^^^^^^^^^^^^
  File "C:\Users\Lenovo\AppData\Local\Programs\Python\Python313\Lib\site-packages\httpcore\_async\connection_pool.py", line 256, in handle_async_request
    raise exc from None
  File "C:\Users\Lenovo\AppData\Local\Programs\Python\Python313\Lib\site-packages\httpcore\_async\connection_pool.py", line 232, in handle_async_request
    connection = await pool_request.wait_for_connection(timeout=timeout)
                 ^^^^^^^^^^^^^^^^^^^^^^^^^^^^^^^^^^^^^^^^^^^^^^^^^^^^^^^
  File "C:\Users\Lenovo\AppData\Local\Programs\Python\Python313\Lib\site-packages\httpcore\_async\connection_pool.py", line 35, in wait_for_connection
    await self._connection_acquired.wait(timeout=timeout)
  File "C:\Users\Lenovo\AppData\Local\Programs\Python\Python313\Lib\site-packages\httpcore\_synchronization.py", line 149, in wait
    with map_exceptions(anyio_exc_map):
         ~~~~~~~~~~~~~~^^^^^^^^^^^^^^^
  File "C:\Users\Lenovo\AppData\Local\Programs\Python\Python313\Lib\contextlib.py", line 162, in __exit__
    self.gen.throw(value)
    ~~~~~~~~~~~~~~^^^^^^^
  File "C:\Users\Lenovo\AppData\Local\Programs\Python\Python313\Lib\site-packages\httpcore\_exceptions.py", line 14, in map_exceptions
    raise to_exc(exc) from exc
httpcore.PoolTimeout

The above exception was the direct cause of the following exception:

Traceback (most recent call last):
  File "C:\Users\Lenovo\AppData\Local\Programs\Python\Python313\Lib\site-packages\telegram\request\_httpxrequest.py", line 273, in do_request
    res = await self._client.request(
          ^^^^^^^^^^^^^^^^^^^^^^^^^^^
    ...<6 lines>...
    )
    ^
  File "C:\Users\Lenovo\AppData\Local\Programs\Python\Python313\Lib\site-packages\httpx\_client.py", line 1540, in request
    return await self.send(request, auth=auth, follow_redirects=follow_redirects)
           ^^^^^^^^^^^^^^^^^^^^^^^^^^^^^^^^^^^^^^^^^^^^^^^^^^^^^^^^^^^^^^^^^^^^^^
  File "C:\Users\Lenovo\AppData\Local\Programs\Python\Python313\Lib\site-packages\httpx\_client.py", line 1629, in send
    response = await self._send_handling_auth(
               ^^^^^^^^^^^^^^^^^^^^^^^^^^^^^^^
    ...<4 lines>...
    )
    ^
  File "C:\Users\Lenovo\AppData\Local\Programs\Python\Python313\Lib\site-packages\httpx\_client.py", line 1657, in _send_handling_auth
    response = await self._send_handling_redirects(
               ^^^^^^^^^^^^^^^^^^^^^^^^^^^^^^^^^^^^
    ...<3 lines>...
    )
    ^
  File "C:\Users\Lenovo\AppData\Local\Programs\Python\Python313\Lib\site-packages\httpx\_client.py", line 1694, in _send_handling_redirects
    response = await self._send_single_request(request)
               ^^^^^^^^^^^^^^^^^^^^^^^^^^^^^^^^^^^^^^^^
  File "C:\Users\Lenovo\AppData\Local\Programs\Python\Python313\Lib\site-packages\httpx\_client.py", line 1730, in _send_single_request
    response = await transport.handle_async_request(request)
               ^^^^^^^^^^^^^^^^^^^^^^^^^^^^^^^^^^^^^^^^^^^^^
  File "C:\Users\Lenovo\AppData\Local\Programs\Python\Python313\Lib\site-packages\httpx\_transports\default.py", line 393, in handle_async_request
    with map_httpcore_exceptions():
         ~~~~~~~~~~~~~~~~~~~~~~~^^
  File "C:\Users\Lenovo\AppData\Local\Programs\Python\Python313\Lib\contextlib.py", line 162, in __exit__
    self.gen.throw(value)
    ~~~~~~~~~~~~~~^^^^^^^
  File "C:\Users\Lenovo\AppData\Local\Programs\Python\Python313\Lib\site-packages\httpx\_transports\default.py", line 118, in map_httpcore_exceptions
    raise mapped_exc(message) from exc
httpx.PoolTimeout

The above exception was the direct cause of the following exception:

Traceback (most recent call last):
  File "C:\Users\Lenovo\Desktop\screenshot_answerer\test.py", line 108, in send_telegram_message_async
    await telegram_bot.send_message(chat_id=int(SELECTED_CHAT_ID), text=escaped_message, parse_mode=telegram.constants.ParseMode.MARKDOWN_V2)
  File "C:\Users\Lenovo\AppData\Local\Programs\Python\Python313\Lib\site-packages\telegram\_bot.py", line 1099, in send_message
    return await self._send_message(
           ^^^^^^^^^^^^^^^^^^^^^^^^^
    ...<19 lines>...
    )
    ^
  File "C:\Users\Lenovo\AppData\Local\Programs\Python\Python313\Lib\site-packages\telegram\_bot.py", line 809, in _send_message
    result = await self._post(
             ^^^^^^^^^^^^^^^^^
    ...<7 lines>...
    )
    ^
  File "C:\Users\Lenovo\AppData\Local\Programs\Python\Python313\Lib\site-packages\telegram\_bot.py", line 697, in _post
    return await self._do_post(
           ^^^^^^^^^^^^^^^^^^^^
    ...<6 lines>...
    )
    ^
  File "C:\Users\Lenovo\AppData\Local\Programs\Python\Python313\Lib\site-packages\telegram\_bot.py", line 726, in _do_post
    result = await request.post(
             ^^^^^^^^^^^^^^^^^^^
    ...<6 lines>...
    )
    ^
  File "C:\Users\Lenovo\AppData\Local\Programs\Python\Python313\Lib\site-packages\telegram\request\_baserequest.py", line 197, in post
    result = await self._request_wrapper(
             ^^^^^^^^^^^^^^^^^^^^^^^^^^^^
    ...<7 lines>...
    )
    ^
  File "C:\Users\Lenovo\AppData\Local\Programs\Python\Python313\Lib\site-packages\telegram\request\_baserequest.py", line 304, in _request_wrapper
    code, payload = await self.do_request(
                    ^^^^^^^^^^^^^^^^^^^^^^
    ...<7 lines>...
    )
    ^
  File "C:\Users\Lenovo\AppData\Local\Programs\Python\Python313\Lib\site-packages\telegram\request\_httpxrequest.py", line 283, in do_request
    raise TimedOut(
    ...<5 lines>...
    ) from err
telegram.error.TimedOut: Pool timeout: All connections in the connection pool are occupied. Request was *not* sent to Telegram. Consider adjusting the connection pool size or the pool timeout.
2025-08-11 18:07:28,568 - INFO - _client.py:1740 - HTTP Request: POST https://api.telegram.org/bot7201167359:AAFCZAeeVCviDkvyyjs7sLu-uKrNxlvgCqU/sendPhoto "HTTP/1.1 200 OK"
2025-08-11 18:07:28,572 - INFO - test.py:144 - Screenshot sent to Jeevan.
2025-08-11 18:10:38,686 - INFO - test.py:286 - Application exited.
2025-08-11 18:10:43,603 - INFO - test.py:224 - Starting application.
2025-08-11 18:10:45,600 - INFO - test.py:246 - Asyncio event loop started.
2025-08-11 18:11:03,390 - INFO - test.py:271 - Application exited.
2025-08-11 18:11:07,065 - INFO - test.py:224 - Starting application.
2025-08-11 18:11:08,605 - INFO - test.py:246 - Asyncio event loop started.
2025-08-11 18:11:19,795 - INFO - _client.py:1740 - HTTP Request: POST https://api.telegram.org/bot7201167359:AAFCZAeeVCviDkvyyjs7sLu-uKrNxlvgCqU/sendDocument "HTTP/1.1 200 OK"
2025-08-11 18:12:08,723 - INFO - test.py:271 - Application exited.
